1740682924.205445 client started (478273): version 3.4, socket /tmp/tmux-0/default, protocol 8
1740682924.205498 on Linux 6.8.0-51-generic #52-Ubuntu SMP PREEMPT_DYNAMIC Thu Dec  5 13:09:44 UTC 2024
1740682924.205538 using libevent 2.1.12-stable poll
1740682924.205545 using ncurses 6.4 20240113
1740682924.205569 flags are 0x18010000
1740682924.205590 socket is /tmp/tmux-0/default
1740682924.205608 trying connect
1740682924.205745 add peer 0x632d1f720ce0: 6 ((nil))
1740682924.206230 sending message 100 to peer 0x632d1f720ce0 (4 bytes)
1740682924.206240 sending message 111 to peer 0x632d1f720ce0 (8 bytes)
1740682924.206244 sending message 101 to peer 0x632d1f720ce0 (15 bytes)
1740682924.206248 sending message 109 to peer 0x632d1f720ce0 (4 bytes)
1740682924.206251 sending message 102 to peer 0x632d1f720ce0 (11 bytes)
1740682924.206254 sending message 108 to peer 0x632d1f720ce0 (33 bytes)
1740682924.206258 sending message 112 to peer 0x632d1f720ce0 (58 bytes)
1740682924.206262 sending message 112 to peer 0x632d1f720ce0 (5 bytes)
1740682924.206265 sending message 112 to peer 0x632d1f720ce0 (5 bytes)
1740682924.206269 sending message 112 to peer 0x632d1f720ce0 (6 bytes)
1740682924.206272 sending message 112 to peer 0x632d1f720ce0 (6 bytes)
1740682924.206276 sending message 112 to peer 0x632d1f720ce0 (11 bytes)
1740682924.206279 sending message 112 to peer 0x632d1f720ce0 (10 bytes)
1740682924.206283 sending message 112 to peer 0x632d1f720ce0 (13 bytes)
1740682924.206286 sending message 112 to peer 0x632d1f720ce0 (14 bytes)
1740682924.206289 sending message 112 to peer 0x632d1f720ce0 (19 bytes)
1740682924.206293 sending message 112 to peer 0x632d1f720ce0 (11 bytes)
1740682924.206296 sending message 112 to peer 0x632d1f720ce0 (10 bytes)
1740682924.206299 sending message 112 to peer 0x632d1f720ce0 (15 bytes)
1740682924.206303 sending message 112 to peer 0x632d1f720ce0 (21 bytes)
1740682924.206306 sending message 112 to peer 0x632d1f720ce0 (13 bytes)
1740682924.206310 sending message 112 to peer 0x632d1f720ce0 (7 bytes)
1740682924.206313 sending message 112 to peer 0x632d1f720ce0 (13 bytes)
1740682924.206317 sending message 112 to peer 0x632d1f720ce0 (7 bytes)
1740682924.206320 sending message 112 to peer 0x632d1f720ce0 (13 bytes)
1740682924.206323 sending message 112 to peer 0x632d1f720ce0 (9 bytes)
1740682924.206326 sending message 112 to peer 0x632d1f720ce0 (21 bytes)
1740682924.206330 sending message 112 to peer 0x632d1f720ce0 (13 bytes)
1740682924.206333 sending message 112 to peer 0x632d1f720ce0 (9 bytes)
1740682924.206336 sending message 112 to peer 0x632d1f720ce0 (16 bytes)
1740682924.206347 sending message 112 to peer 0x632d1f720ce0 (13 bytes)
1740682924.206356 sending message 112 to peer 0x632d1f720ce0 (9 bytes)
1740682924.206360 sending message 112 to peer 0x632d1f720ce0 (9 bytes)
1740682924.206363 sending message 112 to peer 0x632d1f720ce0 (12 bytes)
1740682924.206367 sending message 112 to peer 0x632d1f720ce0 (8 bytes)
1740682924.206370 sending message 112 to peer 0x632d1f720ce0 (8 bytes)
1740682924.206374 sending message 112 to peer 0x632d1f720ce0 (13 bytes)
1740682924.206377 sending message 112 to peer 0x632d1f720ce0 (7 bytes)
1740682924.206380 sending message 112 to peer 0x632d1f720ce0 (7 bytes)
1740682924.206383 sending message 112 to peer 0x632d1f720ce0 (9 bytes)
1740682924.206387 sending message 112 to peer 0x632d1f720ce0 (9 bytes)
1740682924.206391 sending message 112 to peer 0x632d1f720ce0 (15 bytes)
1740682924.206394 sending message 112 to peer 0x632d1f720ce0 (13 bytes)
1740682924.206398 sending message 112 to peer 0x632d1f720ce0 (12 bytes)
1740682924.206401 sending message 112 to peer 0x632d1f720ce0 (8 bytes)
1740682924.206404 sending message 112 to peer 0x632d1f720ce0 (14 bytes)
1740682924.206408 sending message 112 to peer 0x632d1f720ce0 (11 bytes)
1740682924.206412 sending message 112 to peer 0x632d1f720ce0 (9 bytes)
1740682924.206415 sending message 112 to peer 0x632d1f720ce0 (10 bytes)
1740682924.206419 sending message 112 to peer 0x632d1f720ce0 (10 bytes)
1740682924.206422 sending message 112 to peer 0x632d1f720ce0 (10 bytes)
1740682924.206443 sending message 112 to peer 0x632d1f720ce0 (10 bytes)
1740682924.206446 sending message 112 to peer 0x632d1f720ce0 (11 bytes)
1740682924.206450 sending message 112 to peer 0x632d1f720ce0 (12 bytes)
1740682924.206453 sending message 112 to peer 0x632d1f720ce0 (12 bytes)
1740682924.206456 sending message 112 to peer 0x632d1f720ce0 (12 bytes)
1740682924.206460 sending message 112 to peer 0x632d1f720ce0 (12 bytes)
1740682924.206463 sending message 112 to peer 0x632d1f720ce0 (12 bytes)
1740682924.206466 sending message 112 to peer 0x632d1f720ce0 (11 bytes)
1740682924.206470 sending message 112 to peer 0x632d1f720ce0 (11 bytes)
1740682924.206473 sending message 112 to peer 0x632d1f720ce0 (12 bytes)
1740682924.206477 sending message 112 to peer 0x632d1f720ce0 (12 bytes)
1740682924.206480 sending message 112 to peer 0x632d1f720ce0 (12 bytes)
1740682924.206484 sending message 112 to peer 0x632d1f720ce0 (12 bytes)
1740682924.206487 sending message 112 to peer 0x632d1f720ce0 (12 bytes)
1740682924.206490 sending message 112 to peer 0x632d1f720ce0 (9 bytes)
1740682924.206492 sending message 112 to peer 0x632d1f720ce0 (12 bytes)
1740682924.206494 sending message 112 to peer 0x632d1f720ce0 (13 bytes)
1740682924.206496 sending message 112 to peer 0x632d1f720ce0 (13 bytes)
1740682924.206498 sending message 112 to peer 0x632d1f720ce0 (13 bytes)
1740682924.206575 sending message 112 to peer 0x632d1f720ce0 (13 bytes)
1740682924.206586 sending message 112 to peer 0x632d1f720ce0 (13 bytes)
1740682924.206588 sending message 112 to peer 0x632d1f720ce0 (8 bytes)
1740682924.206590 sending message 112 to peer 0x632d1f720ce0 (11 bytes)
1740682924.206593 sending message 112 to peer 0x632d1f720ce0 (11 bytes)
1740682924.206595 sending message 112 to peer 0x632d1f720ce0 (11 bytes)
1740682924.206597 sending message 112 to peer 0x632d1f720ce0 (12 bytes)
1740682924.206599 sending message 112 to peer 0x632d1f720ce0 (12 bytes)
1740682924.206602 sending message 112 to peer 0x632d1f720ce0 (12 bytes)
1740682924.206604 sending message 112 to peer 0x632d1f720ce0 (12 bytes)
1740682924.206606 sending message 112 to peer 0x632d1f720ce0 (13 bytes)
1740682924.206623 sending message 112 to peer 0x632d1f720ce0 (13 bytes)
1740682924.206626 sending message 112 to peer 0x632d1f720ce0 (13 bytes)
1740682924.206628 sending message 112 to peer 0x632d1f720ce0 (8 bytes)
1740682924.206630 sending message 112 to peer 0x632d1f720ce0 (13 bytes)
1740682924.206632 sending message 112 to peer 0x632d1f720ce0 (13 bytes)
1740682924.206634 sending message 112 to peer 0x632d1f720ce0 (13 bytes)
1740682924.206637 sending message 112 to peer 0x632d1f720ce0 (13 bytes)
1740682924.206639 sending message 112 to peer 0x632d1f720ce0 (13 bytes)
1740682924.206641 sending message 112 to peer 0x632d1f720ce0 (12 bytes)
1740682924.206643 sending message 112 to peer 0x632d1f720ce0 (12 bytes)
1740682924.206645 sending message 112 to peer 0x632d1f720ce0 (12 bytes)
1740682924.206648 sending message 112 to peer 0x632d1f720ce0 (12 bytes)
1740682924.206650 sending message 112 to peer 0x632d1f720ce0 (13 bytes)
1740682924.206652 sending message 112 to peer 0x632d1f720ce0 (8 bytes)
1740682924.206654 sending message 112 to peer 0x632d1f720ce0 (13 bytes)
1740682924.206657 sending message 112 to peer 0x632d1f720ce0 (13 bytes)
1740682924.206659 sending message 112 to peer 0x632d1f720ce0 (13 bytes)
1740682924.206661 sending message 112 to peer 0x632d1f720ce0 (13 bytes)
1740682924.206663 sending message 112 to peer 0x632d1f720ce0 (13 bytes)
1740682924.206665 sending message 112 to peer 0x632d1f720ce0 (13 bytes)
1740682924.206667 sending message 112 to peer 0x632d1f720ce0 (13 bytes)
1740682924.206670 sending message 112 to peer 0x632d1f720ce0 (12 bytes)
1740682924.206672 sending message 112 to peer 0x632d1f720ce0 (12 bytes)
1740682924.206674 sending message 112 to peer 0x632d1f720ce0 (12 bytes)
1740682924.206676 sending message 112 to peer 0x632d1f720ce0 (8 bytes)
1740682924.206678 sending message 112 to peer 0x632d1f720ce0 (12 bytes)
1740682924.206681 sending message 112 to peer 0x632d1f720ce0 (13 bytes)
1740682924.206688 sending message 112 to peer 0x632d1f720ce0 (13 bytes)
1740682924.206691 sending message 112 to peer 0x632d1f720ce0 (13 bytes)
1740682924.206693 sending message 112 to peer 0x632d1f720ce0 (13 bytes)
1740682924.206695 sending message 112 to peer 0x632d1f720ce0 (13 bytes)
1740682924.206698 sending message 112 to peer 0x632d1f720ce0 (13 bytes)
1740682924.206700 sending message 112 to peer 0x632d1f720ce0 (13 bytes)
1740682924.206702 sending message 112 to peer 0x632d1f720ce0 (13 bytes)
1740682924.206704 sending message 112 to peer 0x632d1f720ce0 (12 bytes)
1740682924.206707 sending message 112 to peer 0x632d1f720ce0 (10 bytes)
1740682924.206709 sending message 112 to peer 0x632d1f720ce0 (12 bytes)
1740682924.206711 sending message 112 to peer 0x632d1f720ce0 (12 bytes)
1740682924.206713 sending message 112 to peer 0x632d1f720ce0 (12 bytes)
1740682924.206715 sending message 112 to peer 0x632d1f720ce0 (13 bytes)
1740682924.206718 sending message 112 to peer 0x632d1f720ce0 (13 bytes)
1740682924.206720 sending message 112 to peer 0x632d1f720ce0 (13 bytes)
1740682924.206722 sending message 112 to peer 0x632d1f720ce0 (13 bytes)
1740682924.206724 sending message 112 to peer 0x632d1f720ce0 (13 bytes)
1740682924.206726 sending message 112 to peer 0x632d1f720ce0 (13 bytes)
1740682924.206729 sending message 112 to peer 0x632d1f720ce0 (13 bytes)
1740682924.206731 sending message 112 to peer 0x632d1f720ce0 (10 bytes)
1740682924.206733 sending message 112 to peer 0x632d1f720ce0 (13 bytes)
1740682924.206735 sending message 112 to peer 0x632d1f720ce0 (12 bytes)
1740682924.206738 sending message 112 to peer 0x632d1f720ce0 (12 bytes)
1740682924.206740 sending message 112 to peer 0x632d1f720ce0 (12 bytes)
1740682924.206743 sending message 112 to peer 0x632d1f720ce0 (10 bytes)
1740682924.206745 sending message 112 to peer 0x632d1f720ce0 (10 bytes)
1740682924.206747 sending message 112 to peer 0x632d1f720ce0 (10 bytes)
1740682924.206749 sending message 112 to peer 0x632d1f720ce0 (12 bytes)
1740682924.206751 sending message 112 to peer 0x632d1f720ce0 (13 bytes)
1740682924.206754 sending message 112 to peer 0x632d1f720ce0 (13 bytes)
1740682924.206756 sending message 112 to peer 0x632d1f720ce0 (13 bytes)
1740682924.206758 sending message 112 to peer 0x632d1f720ce0 (13 bytes)
1740682924.206760 sending message 112 to peer 0x632d1f720ce0 (13 bytes)
1740682924.206762 sending message 112 to peer 0x632d1f720ce0 (10 bytes)
1740682924.206764 sending message 112 to peer 0x632d1f720ce0 (11 bytes)
1740682924.206767 sending message 112 to peer 0x632d1f720ce0 (12 bytes)
1740682924.206769 sending message 112 to peer 0x632d1f720ce0 (12 bytes)
1740682924.206771 sending message 112 to peer 0x632d1f720ce0 (12 bytes)
1740682924.206773 sending message 112 to peer 0x632d1f720ce0 (12 bytes)
1740682924.206776 sending message 112 to peer 0x632d1f720ce0 (12 bytes)
1740682924.206778 sending message 112 to peer 0x632d1f720ce0 (11 bytes)
1740682924.206780 sending message 112 to peer 0x632d1f720ce0 (12 bytes)
1740682924.206782 sending message 112 to peer 0x632d1f720ce0 (12 bytes)
1740682924.206784 sending message 112 to peer 0x632d1f720ce0 (13 bytes)
1740682924.206786 sending message 112 to peer 0x632d1f720ce0 (13 bytes)
1740682924.206788 sending message 112 to peer 0x632d1f720ce0 (13 bytes)
1740682924.206791 sending message 112 to peer 0x632d1f720ce0 (13 bytes)
1740682924.206793 sending message 112 to peer 0x632d1f720ce0 (13 bytes)
1740682924.206795 sending message 112 to peer 0x632d1f720ce0 (10 bytes)
1740682924.206797 sending message 112 to peer 0x632d1f720ce0 (9 bytes)
1740682924.206799 sending message 112 to peer 0x632d1f720ce0 (12 bytes)
1740682924.206801 sending message 112 to peer 0x632d1f720ce0 (13 bytes)
1740682924.206804 sending message 112 to peer 0x632d1f720ce0 (13 bytes)
1740682924.206806 sending message 112 to peer 0x632d1f720ce0 (13 bytes)
1740682924.206808 sending message 112 to peer 0x632d1f720ce0 (13 bytes)
1740682924.206810 sending message 112 to peer 0x632d1f720ce0 (13 bytes)
1740682924.206813 sending message 112 to peer 0x632d1f720ce0 (9 bytes)
1740682924.206818 sending message 112 to peer 0x632d1f720ce0 (12 bytes)
1740682924.206821 sending message 112 to peer 0x632d1f720ce0 (13 bytes)
1740682924.206823 sending message 112 to peer 0x632d1f720ce0 (13 bytes)
1740682924.206825 sending message 112 to peer 0x632d1f720ce0 (13 bytes)
1740682924.206827 sending message 112 to peer 0x632d1f720ce0 (13 bytes)
1740682924.206829 sending message 112 to peer 0x632d1f720ce0 (13 bytes)
1740682924.206831 sending message 112 to peer 0x632d1f720ce0 (11 bytes)
1740682924.206834 sending message 112 to peer 0x632d1f720ce0 (12 bytes)
1740682924.206836 sending message 112 to peer 0x632d1f720ce0 (13 bytes)
1740682924.206838 sending message 112 to peer 0x632d1f720ce0 (13 bytes)
1740682924.206840 sending message 112 to peer 0x632d1f720ce0 (13 bytes)
1740682924.206842 sending message 112 to peer 0x632d1f720ce0 (13 bytes)
1740682924.206844 sending message 112 to peer 0x632d1f720ce0 (13 bytes)
1740682924.206847 sending message 112 to peer 0x632d1f720ce0 (11 bytes)
1740682924.206849 sending message 112 to peer 0x632d1f720ce0 (12 bytes)
1740682924.206851 sending message 112 to peer 0x632d1f720ce0 (12 bytes)
1740682924.206853 sending message 112 to peer 0x632d1f720ce0 (12 bytes)
1740682924.206856 sending message 112 to peer 0x632d1f720ce0 (12 bytes)
1740682924.206858 sending message 112 to peer 0x632d1f720ce0 (12 bytes)
1740682924.206860 sending message 112 to peer 0x632d1f720ce0 (21 bytes)
1740682924.206862 sending message 112 to peer 0x632d1f720ce0 (12 bytes)
1740682924.206865 sending message 112 to peer 0x632d1f720ce0 (9 bytes)
1740682924.206867 sending message 112 to peer 0x632d1f720ce0 (6 bytes)
1740682924.206869 sending message 112 to peer 0x632d1f720ce0 (13 bytes)
1740682924.206871 sending message 112 to peer 0x632d1f720ce0 (10 bytes)
1740682924.206874 sending message 112 to peer 0x632d1f720ce0 (24 bytes)
1740682924.206876 sending message 112 to peer 0x632d1f720ce0 (13 bytes)
1740682924.206878 sending message 112 to peer 0x632d1f720ce0 (9 bytes)
1740682924.206880 sending message 112 to peer 0x632d1f720ce0 (70 bytes)
1740682924.206883 sending message 112 to peer 0x632d1f720ce0 (69 bytes)
1740682924.206885 sending message 112 to peer 0x632d1f720ce0 (12 bytes)
1740682924.206887 sending message 112 to peer 0x632d1f720ce0 (10 bytes)
1740682924.206889 sending message 112 to peer 0x632d1f720ce0 (10 bytes)
1740682924.206892 sending message 112 to peer 0x632d1f720ce0 (24 bytes)
1740682924.206894 sending message 112 to peer 0x632d1f720ce0 (13 bytes)
1740682924.206897 sending message 112 to peer 0x632d1f720ce0 (10 bytes)
1740682924.206899 sending message 112 to peer 0x632d1f720ce0 (10 bytes)
1740682924.206901 sending message 112 to peer 0x632d1f720ce0 (10 bytes)
1740682924.206904 sending message 112 to peer 0x632d1f720ce0 (13 bytes)
1740682924.206906 sending message 112 to peer 0x632d1f720ce0 (15 bytes)
1740682924.206908 sending message 112 to peer 0x632d1f720ce0 (5 bytes)
1740682924.206912 sending message 104 to peer 0x632d1f720ce0 (0 bytes)
1740682924.206915 sending message 110 to peer 0x632d1f720ce0 (0 bytes)
1740682924.206918 sending message 107 to peer 0x632d1f720ce0 (4 bytes)
1740682924.206921 sending message 105 to peer 0x632d1f720ce0 (16 bytes)
1740682924.206923 sending message 105 to peer 0x632d1f720ce0 (37 bytes)
1740682924.206925 sending message 105 to peer 0x632d1f720ce0 (13 bytes)
1740682924.206928 sending message 105 to peer 0x632d1f720ce0 (21 bytes)
1740682924.206930 sending message 105 to peer 0x632d1f720ce0 (11 bytes)
1740682924.206932 sending message 105 to peer 0x632d1f720ce0 (13 bytes)
1740682924.206935 sending message 105 to peer 0x632d1f720ce0 (1817 bytes)
1740682924.206947 sending message 105 to peer 0x632d1f720ce0 (54 bytes)
1740682924.206949 sending message 105 to peer 0x632d1f720ce0 (34 bytes)
1740682924.206952 sending message 105 to peer 0x632d1f720ce0 (23 bytes)
1740682924.206954 sending message 105 to peer 0x632d1f720ce0 (20 bytes)
1740682924.206956 sending message 105 to peer 0x632d1f720ce0 (32 bytes)
1740682924.206959 sending message 105 to peer 0x632d1f720ce0 (10 bytes)
1740682924.206964 sending message 105 to peer 0x632d1f720ce0 (8 bytes)
1740682924.206966 sending message 105 to peer 0x632d1f720ce0 (20 bytes)
1740682924.206968 sending message 105 to peer 0x632d1f720ce0 (17 bytes)
1740682924.206970 sending message 105 to peer 0x632d1f720ce0 (28 bytes)
1740682924.206972 sending message 105 to peer 0x632d1f720ce0 (34 bytes)
1740682924.206975 sending message 105 to peer 0x632d1f720ce0 (65 bytes)
1740682924.206977 sending message 105 to peer 0x632d1f720ce0 (104 bytes)
1740682924.206980 sending message 105 to peer 0x632d1f720ce0 (51 bytes)
1740682924.206982 sending message 105 to peer 0x632d1f720ce0 (19 bytes)
1740682924.206984 sending message 105 to peer 0x632d1f720ce0 (16 bytes)
1740682924.206986 sending message 105 to peer 0x632d1f720ce0 (33 bytes)
1740682924.206989 sending message 106 to peer 0x632d1f720ce0 (0 bytes)
1740682924.207053 sending message 200 to peer 0x632d1f720ce0 (4 bytes)
1740682924.207056 client loop enter
1740682924.220363 peer 0x632d1f720ce0 message 207
1740682924.220384 sending message 208 to peer 0x632d1f720ce0 (0 bytes)
1740684178.685962 client_signal: Hangup
1740684178.685987 sending message 205 to peer 0x632d1f720ce0 (0 bytes)
1740684178.687012 client loop exit
